"QUERY PLAN QRY01 - BARD"
[
  {
    "Plan": {
      "Node Type": "Nested Loop",
      "Parallel Aware": false,
      "Async Capable": false,
      "Join Type": "Inner",
      "Startup Cost": 1.56,
      "Total Cost": 1263.19,
      "Plan Rows": 145,
      "Plan Width": 44,
      "Inner Unique": false,
      "Plans": [
        {
          "Node Type": "Nested Loop",
          "Parent Relationship": "Outer",
          "Parallel Aware": false,
          "Async Capable": false,
          "Join Type": "Inner",
          "Startup Cost": 1.00,
          "Total Cost": 18.00,
          "Plan Rows": 145,
          "Plan Width": 30,
          "Inner Unique": false,
          "Plans": [
            {
              "Node Type": "Index Only Scan",
              "Parent Relationship": "Outer",
              "Parallel Aware": false,
              "Async Capable": false,
              "Scan Direction": "Forward",
              "Index Name": "ix_titlebasics_tconst",
              "Relation Name": "titlebasics",
              "Alias": "tb",
              "Startup Cost": 0.43,
              "Total Cost": 4.45,
              "Plan Rows": 1,
              "Plan Width": 10,
              "Index Cond": "(tconst = 'tt0075148'::text)"
            },
            {
              "Node Type": "Index Scan",
              "Parent Relationship": "Inner",
              "Parallel Aware": false,
              "Async Capable": false,
              "Scan Direction": "Forward",
              "Index Name": "ix_titleprincipals_tconst",
              "Relation Name": "titleprincipals",
              "Alias": "tp",
              "Startup Cost": 0.56,
              "Total Cost": 12.10,
              "Plan Rows": 145,
              "Plan Width": 20,
              "Index Cond": "(tconst = 'tt0075148'::text)"
            }
          ]
        },
        {
          "Node Type": "Index Scan",
          "Parent Relationship": "Inner",
          "Parallel Aware": false,
          "Async Capable": false,
          "Scan Direction": "Forward",
          "Index Name": "ix_namebasics_nconst",
          "Relation Name": "namebasics",
          "Alias": "nb",
          "Startup Cost": 0.56,
          "Total Cost": 8.58,
          "Plan Rows": 1,
          "Plan Width": 24,
          "Index Cond": "(nconst = tp.nconst)"
        }
      ]
    }
  }
]