"QUERY PLAN QRY01 - CHATGPT"
[
  {
    "Plan": {
      "Node Type": "Gather",
      "Parallel Aware": false,
      "Async Capable": false,
      "Startup Cost": 304932.73,
      "Total Cost": 552385.35,
      "Plan Rows": 145,
      "Plan Width": 44,
      "Workers Planned": 2,
      "Single Copy": false,
      "Plans": [
        {
          "Node Type": "Hash Join",
          "Parent Relationship": "Outer",
          "Parallel Aware": true,
          "Async Capable": false,
          "Join Type": "Inner",
          "Startup Cost": 303932.73,
          "Total Cost": 551370.85,
          "Plan Rows": 60,
          "Plan Width": 44,
          "Inner Unique": false,
          "Hash Cond": "(tp.nconst = nb.nconst)",
          "Plans": [
            {
              "Node Type": "Nested Loop",
              "Parent Relationship": "Outer",
              "Parallel Aware": false,
              "Async Capable": false,
              "Join Type": "Inner",
              "Startup Cost": 0.56,
              "Total Cost": 215717.91,
              "Plan Rows": 60,
              "Plan Width": 30,
              "Inner Unique": false,
              "Plans": [
                {
                  "Node Type": "Seq Scan",
                  "Parent Relationship": "Outer",
                  "Parallel Aware": true,
                  "Async Capable": false,
                  "Relation Name": "titlebasics",
                  "Alias": "tb",
                  "Startup Cost": 0.00,
                  "Total Cost": 215704.36,
                  "Plan Rows": 1,
                  "Plan Width": 10,
                  "Filter": "(tconst = 'tt0075148'::text)"
                },
                {
                  "Node Type": "Index Scan",
                  "Parent Relationship": "Inner",
                  "Parallel Aware": false,
                  "Async Capable": false,
                  "Scan Direction": "Forward",
                  "Index Name": "idx_titleprincipals_tconst",
                  "Relation Name": "titleprincipals",
                  "Alias": "tp",
                  "Startup Cost": 0.56,
                  "Total Cost": 12.10,
                  "Plan Rows": 145,
                  "Plan Width": 20,
                  "Index Cond": "(tconst = 'tt0075148'::text)"
                }
              ]
            },
            {
              "Node Type": "Hash",
              "Parent Relationship": "Inner",
              "Parallel Aware": true,
              "Async Capable": false,
              "Startup Cost": 204549.63,
              "Total Cost": 204549.63,
              "Plan Rows": 5413163,
              "Plan Width": 24,
              "Plans": [
                {
                  "Node Type": "Seq Scan",
                  "Parent Relationship": "Outer",
                  "Parallel Aware": true,
                  "Async Capable": false,
                  "Relation Name": "namebasics",
                  "Alias": "nb",
                  "Startup Cost": 0.00,
                  "Total Cost": 204549.63,
                  "Plan Rows": 5413163,
                  "Plan Width": 24
                }
              ]
            }
          ]
        }
      ]
    }
  }
]
