"QUERY PLAN QRY01"
[
  {
    "Plan": {
      "Node Type": "Nested Loop",
      "Parallel Aware": false,
      "Async Capable": false,
      "Join Type": "Inner",
      "Startup Cost": 305932.17,
      "Total Cost": 1523838.48,
      "Plan Rows": 145,
      "Plan Width": 44,
      "Inner Unique": false,
      "Plans": [
        {
          "Node Type": "Gather",
          "Parent Relationship": "Outer",
          "Parallel Aware": false,
          "Async Capable": false,
          "Startup Cost": 1000.00,
          "Total Cost": 216704.46,
          "Plan Rows": 1,
          "Plan Width": 10,
          "Workers Planned": 2,
          "Single Copy": false,
          "Plans": [
            {
              "Node Type": "Seq Scan",
              "Parent Relationship": "Outer",
              "Parallel Aware": true,
              "Async Capable": false,
              "Relation Name": "titlebasics",
              "Alias": "titlebasics",
              "Startup Cost": 0.00,
              "Total Cost": 215704.36,
              "Plan Rows": 1,
              "Plan Width": 10,
              "Filter": "(tconst = 'tt0075148'::text)"
            }
          ]
        },
        {
          "Node Type": "Gather",
          "Parent Relationship": "Inner",
          "Parallel Aware": false,
          "Async Capable": false,
          "Startup Cost": 304932.17,
          "Total Cost": 1307132.57,
          "Plan Rows": 145,
          "Plan Width": 34,
          "Workers Planned": 2,
          "Single Copy": false,
          "Plans": [
            {
              "Node Type": "Hash Join",
              "Parent Relationship": "Outer",
              "Parallel Aware": true,
              "Async Capable": false,
              "Join Type": "Inner",
              "Startup Cost": 303932.17,
              "Total Cost": 1306118.07,
              "Plan Rows": 60,
              "Plan Width": 34,
              "Inner Unique": false,
              "Hash Cond": "(titleprincipals.nconst = namebasics.nconst)",
              "Plans": [
                {
                  "Node Type": "Seq Scan",
                  "Parent Relationship": "Outer",
                  "Parallel Aware": true,
                  "Async Capable": false,
                  "Relation Name": "titleprincipals",
                  "Alias": "titleprincipals",
                  "Startup Cost": 0.00,
                  "Total Cost": 970465.13,
                  "Plan Rows": 60,
                  "Plan Width": 20,
                  "Filter": "(tconst = 'tt0075148'::text)"
                },
                {
                  "Node Type": "Hash",
                  "Parent Relationship": "Inner",
                  "Parallel Aware": true,
                  "Async Capable": false,
                  "Startup Cost": 204549.63,
                  "Total Cost": 204549.63,
                  "Plan Rows": 5413163,
                  "Plan Width": 24,
                  "Plans": [
                    {
                      "Node Type": "Seq Scan",
                      "Parent Relationship": "Outer",
                      "Parallel Aware": true,
                      "Async Capable": false,
                      "Relation Name": "namebasics",
                      "Alias": "namebasics",
                      "Startup Cost": 0.00,
                      "Total Cost": 204549.63,
                      "Plan Rows": 5413163,
                      "Plan Width": 24
                    }
                  ]
                }
              ]
            }
          ]
        }
      ]
    }
  }
]
