"QUERY PLAN QRY02 - CHATGPT"
"[
  {
    "Plan": {
      "Node Type": "Sort",
      "Parallel Aware": false,
      "Async Capable": false,
      "Startup Cost": 3163.11,
      "Total Cost": 3163.76,
      "Plan Rows": 258,
      "Plan Width": 98,
      "Sort Key": ["te.seasonnumber", "te.episodenumber"],
      "Plans": [
        {
          "Node Type": "Nested Loop",
          "Parent Relationship": "Outer",
          "Parallel Aware": false,
          "Async Capable": false,
          "Join Type": "Inner",
          "Startup Cost": 0.87,
          "Total Cost": 3152.78,
          "Plan Rows": 258,
          "Plan Width": 98,
          "Inner Unique": false,
          "Plans": [
            {
              "Node Type": "Index Scan",
              "Parent Relationship": "Outer",
              "Parallel Aware": false,
              "Async Capable": false,
              "Scan Direction": "Forward",
              "Index Name": "idx_titleepisode_parenttconst",
              "Relation Name": "titleepisode",
              "Alias": "te",
              "Startup Cost": 0.43,
              "Total Cost": 969.45,
              "Plan Rows": 258,
              "Plan Width": 15,
              "Index Cond": "(parenttconst = 'tt0108778'::text)"
            },
            {
              "Node Type": "Index Scan",
              "Parent Relationship": "Inner",
              "Parallel Aware": false,
              "Async Capable": false,
              "Scan Direction": "Forward",
              "Index Name": "idx_titlebasics_tconst",
              "Relation Name": "titlebasics",
              "Alias": "tb",
              "Startup Cost": 0.43,
              "Total Cost": 8.45,
              "Plan Rows": 1,
              "Plan Width": 93,
              "Index Cond": "(tconst = te.tconst)"
            }
          ]
        }
      ]
    }
  }
]"
